c:\users\msi\source\repos\openglcourseapp1\openglcourseapp1\debug\vc143.pdb
c:\users\msi\source\repos\openglcourseapp1\openglcourseapp1\debug\vc143.idb
c:\users\msi\source\repos\openglcourseapp1\openglcourseapp1\debug\mesh.obj
c:\users\msi\source\repos\openglcourseapp1\openglcourseapp1\debug\main.obj
c:\users\msi\source\repos\openglcourseapp1\openglcourseapp1\debug\shader.obj
c:\users\msi\source\repos\openglcourseapp1\openglcourseapp1\debug\window.obj
c:\users\msi\source\repos\openglcourseapp1\openglcourseapp1\debug\camera.obj
c:\users\msi\source\repos\openglcourseapp1\openglcourseapp1\debug\texture.obj
c:\users\msi\source\repos\openglcourseapp1\openglcourseapp1\debug\light.obj
c:\users\msi\source\repos\openglcourseapp1\openglcourseapp1\debug\material.obj
c:\users\msi\source\repos\openglcourseapp1\openglcourseapp1\debug\directionallight.obj
c:\users\msi\source\repos\openglcourseapp1\openglcourseapp1\debug\pointlight.obj
c:\users\msi\source\repos\openglcourseapp1\openglcourseapp1\debug\spotlight.obj
c:\users\msi\source\repos\openglcourseapp1\openglcourseapp1\debug\openglcourseapp1.ilk
c:\users\msi\source\repos\openglcourseapp1\debug\openglcourseapp1.exe
c:\users\msi\source\repos\openglcourseapp1\debug\openglcourseapp1.pdb
c:\users\msi\source\repos\openglcourseapp1\openglcourseapp1\debug\openglcourseapp1.tlog\cl.command.1.tlog
c:\users\msi\source\repos\openglcourseapp1\openglcourseapp1\debug\openglcourseapp1.tlog\cl.read.1.tlog
c:\users\msi\source\repos\openglcourseapp1\openglcourseapp1\debug\openglcourseapp1.tlog\cl.write.1.tlog
c:\users\msi\source\repos\openglcourseapp1\openglcourseapp1\debug\openglcourseapp1.tlog\link.command.1.tlog
c:\users\msi\source\repos\openglcourseapp1\openglcourseapp1\debug\openglcourseapp1.tlog\link.read.1.tlog
c:\users\msi\source\repos\openglcourseapp1\openglcourseapp1\debug\openglcourseapp1.tlog\link.write.1.tlog
